# JRE version: Java(TM) SE Runtime Environment (8.0_101-b13) (build 1.8.0_101-b13)
# Java VM: Java HotSpot(TM) 64-Bit Server VM (25.101-b13 mixed mode windows-amd64 compressed oops)
Heap:
 PSYoungGen      total 262656K, used 2467K [0x00000000d6100000, 0x00000000e8580000, 0x0000000100000000)
  eden space 242688K, 0% used [0x00000000d6100000,0x00000000d6100000,0x00000000e4e00000)
  from space 19968K, 12% used [0x00000000e6180000,0x00000000e63e8d10,0x00000000e7500000)
  to   space 19968K, 0% used [0x00000000e4e00000,0x00000000e4e00000,0x00000000e6180000)
 ParOldGen       total 101888K, used 25442K [0x0000000082200000, 0x0000000088580000, 0x00000000d6100000)
  object space 101888K, 24% used [0x0000000082200000,0x0000000083ad8ad8,0x0000000088580000)
 Metaspace       used 36887K, capacity 37376K, committed 37720K, reserved 1081344K
  class space    used 4783K, capacity 4925K, committed 4992K, reserved 1048576K
GC Heap History (10 events):
Event: 9.378 GC heap after
Heap after GC invocations=8 (full 1):
 PSYoungGen      total 140288K, used 9200K [0x00000000d6100000, 0x00000000e3980000, 0x0000000100000000)
  eden space 131072K, 0% used [0x00000000d6100000,0x00000000d6100000,0x00000000de100000)
  from space 9216K, 99% used [0x00000000de100000,0x00000000de9fc3a8,0x00000000dea00000)
  to   space 12800K, 0% used [0x00000000e2d00000,0x00000000e2d00000,0x00000000e3980000)
 ParOldGen       total 64000K, used 16641K [0x0000000082200000, 0x0000000086080000, 0x00000000d6100000)
  object space 64000K, 26% used [0x0000000082200000,0x00000000832404e0,0x0000000086080000)
 Metaspace       used 28552K, capacity 28966K, committed 29312K, reserved 1075200K
  class space    used 3755K, capacity 3889K, committed 3968K, reserved 1048576K
}
Event: 10.702 GC heap before
{Heap before GC invocations=9 (full 1):
 PSYoungGen      total 140288K, used 140272K [0x00000000d6100000, 0x00000000e3980000, 0x0000000100000000)
  eden space 131072K, 100% used [0x00000000d6100000,0x00000000de100000,0x00000000de100000)
  from space 9216K, 99% used [0x00000000de100000,0x00000000de9fc3a8,0x00000000dea00000)
  to   space 12800K, 0% used [0x00000000e2d00000,0x00000000e2d00000,0x00000000e3980000)
 ParOldGen       total 64000K, used 16641K [0x0000000082200000, 0x0000000086080000, 0x00000000d6100000)
  object space 64000K, 26% used [0x0000000082200000,0x00000000832404e0,0x0000000086080000)
 Metaspace       used 31284K, capacity 31746K, committed 32000K, reserved 1077248K
  class space    used 4137K, capacity 4299K, committed 4352K, reserved 1048576K
Event: 10.728 GC heap after
Heap after GC invocations=9 (full 1):
 PSYoungGen      total 204800K, used 12799K [0x00000000d6100000, 0x00000000e4380000, 0x0000000100000000)
  eden space 192000K, 0% used [0x00000000d6100000,0x00000000d6100000,0x00000000e1c80000)
  from space 12800K, 99% used [0x00000000e2d00000,0x00000000e397fdb0,0x00000000e3980000)
  to   space 16896K, 0% used [0x00000000e1c80000,0x00000000e1c80000,0x00000000e2d00000)
 ParOldGen       total 64000K, used 22269K [0x0000000082200000, 0x0000000086080000, 0x00000000d6100000)
  object space 64000K, 34% used [0x0000000082200000,0x00000000837bf6a8,0x0000000086080000)
 Metaspace       used 31284K, capacity 31746K, committed 32000K, reserved 1077248K
  class space    used 4137K, capacity 4299K, committed 4352K, reserved 1048576K
}
Event: 245.334 GC heap before
{Heap before GC invocations=10 (full 1):
 PSYoungGen      total 204800K, used 156649K [0x00000000d6100000, 0x00000000e4380000, 0x0000000100000000)
  eden space 192000K, 74% used [0x00000000d6100000,0x00000000ded7a6c0,0x00000000e1c80000)
  from space 12800K, 99% used [0x00000000e2d00000,0x00000000e397fdb0,0x00000000e3980000)
  to   space 16896K, 0% used [0x00000000e1c80000,0x00000000e1c80000,0x00000000e2d00000)
 ParOldGen       total 64000K, used 22269K [0x0000000082200000, 0x0000000086080000, 0x00000000d6100000)
  object space 64000K, 34% used [0x0000000082200000,0x00000000837bf6a8,0x0000000086080000)
 Metaspace       used 34653K, capacity 35188K, committed 35416K, reserved 1079296K
  class space    used 4562K, capacity 4730K, committed 4736K, reserved 1048576K
Event: 245.402 GC heap after
Heap after GC invocations=10 (full 1):
 PSYoungGen      total 208896K, used 16868K [0x00000000d6100000, 0x00000000e7500000, 0x0000000100000000)
  eden space 192000K, 0% used [0x00000000d6100000,0x00000000d6100000,0x00000000e1c80000)
  from space 16896K, 99% used [0x00000000e1c80000,0x00000000e2cf90b0,0x00000000e2d00000)
  to   space 19968K, 0% used [0x00000000e6180000,0x00000000e6180000,0x00000000e7500000)
 ParOldGen       total 64000K, used 24045K [0x0000000082200000, 0x0000000086080000, 0x00000000d6100000)
  object space 64000K, 37% used [0x0000000082200000,0x000000008397b780,0x0000000086080000)
 Metaspace       used 34653K, capacity 35188K, committed 35416K, reserved 1079296K
  class space    used 4562K, capacity 4730K, committed 4736K, reserved 1048576K
}
Event: 245.402 GC heap before
{Heap before GC invocations=11 (full 2):
 PSYoungGen      total 208896K, used 16868K [0x00000000d6100000, 0x00000000e7500000, 0x0000000100000000)
  eden space 192000K, 0% used [0x00000000d6100000,0x00000000d6100000,0x00000000e1c80000)
  from space 16896K, 99% used [0x00000000e1c80000,0x00000000e2cf90b0,0x00000000e2d00000)
  to   space 19968K, 0% used [0x00000000e6180000,0x00000000e6180000,0x00000000e7500000)
 ParOldGen       total 64000K, used 24045K [0x0000000082200000, 0x0000000086080000, 0x00000000d6100000)
  object space 64000K, 37% used [0x0000000082200000,0x000000008397b780,0x0000000086080000)
 Metaspace       used 34653K, capacity 35188K, committed 35416K, reserved 1079296K
  class space    used 4562K, capacity 4730K, committed 4736K, reserved 1048576K
Event: 245.837 GC heap after
Heap after GC invocations=11 (full 2):
 PSYoungGen      total 208896K, used 0K [0x00000000d6100000, 0x00000000e7500000, 0x0000000100000000)
  eden space 192000K, 0% used [0x00000000d6100000,0x00000000d6100000,0x00000000e1c80000)
  from space 16896K, 0% used [0x00000000e1c80000,0x00000000e1c80000,0x00000000e2d00000)
  to   space 19968K, 0% used [0x00000000e6180000,0x00000000e6180000,0x00000000e7500000)
 ParOldGen       total 101888K, used 25434K [0x0000000082200000, 0x0000000088580000, 0x00000000d6100000)
  object space 101888K, 24% used [0x0000000082200000,0x0000000083ad6ad8,0x0000000088580000)
 Metaspace       used 34646K, capacity 35176K, committed 35416K, reserved 1079296K
  class space    used 4561K, capacity 4728K, committed 4736K, reserved 1048576K
}
Event: 2958.715 GC heap before
{Heap before GC invocations=12 (full 2):
 PSYoungGen      total 208896K, used 121447K [0x00000000d6100000, 0x00000000e7500000, 0x0000000100000000)
  eden space 192000K, 63% used [0x00000000d6100000,0x00000000dd799c80,0x00000000e1c80000)
  from space 16896K, 0% used [0x00000000e1c80000,0x00000000e1c80000,0x00000000e2d00000)
  to   space 19968K, 0% used [0x00000000e6180000,0x00000000e6180000,0x00000000e7500000)
 ParOldGen       total 101888K, used 25434K [0x0000000082200000, 0x0000000088580000, 0x00000000d6100000)
  object space 101888K, 24% used [0x0000000082200000,0x0000000083ad6ad8,0x0000000088580000)
 Metaspace       used 36887K, capacity 37376K, committed 37720K, reserved 1081344K
  class space    used 4783K, capacity 4925K, committed 4992K, reserved 1048576K
Event: 2958.735 GC heap after
Heap after GC invocations=12 (full 2):
 PSYoungGen      total 262656K, used 2467K [0x00000000d6100000, 0x00000000e8580000, 0x0000000100000000)
  eden space 242688K, 0% used [0x00000000d6100000,0x00000000d6100000,0x00000000e4e00000)
  from space 19968K, 12% used [0x00000000e6180000,0x00000000e63e8d10,0x00000000e7500000)
  to   space 19968K, 0% used [0x00000000e4e00000,0x00000000e4e00000,0x00000000e6180000)
 ParOldGen       total 101888K, used 25442K [0x0000000082200000, 0x0000000088580000, 0x00000000d6100000)
  object space 101888K, 24% used [0x0000000082200000,0x0000000083ad8ad8,0x0000000088580000)
 Metaspace       used 36887K, capacity 37376K, committed 37720K, reserved 1081344K
  class space    used 4783K, capacity 4925K, committed 4992K, reserved 1048576K
}
Event: 2958.735 GC heap before
{Heap before GC invocations=13 (full 3):
 PSYoungGen      total 262656K, used 2467K [0x00000000d6100000, 0x00000000e8580000, 0x0000000100000000)
  eden space 242688K, 0% used [0x00000000d6100000,0x00000000d6100000,0x00000000e4e00000)
  from space 19968K, 12% used [0x00000000e6180000,0x00000000e63e8d10,0x00000000e7500000)
  to   space 19968K, 0% used [0x00000000e4e00000,0x00000000e4e00000,0x00000000e6180000)
 ParOldGen       total 101888K, used 25442K [0x0000000082200000, 0x0000000088580000, 0x00000000d6100000)
  object space 101888K, 24% used [0x0000000082200000,0x0000000083ad8ad8,0x0000000088580000)
 Metaspace       used 36887K, capacity 37376K, committed 37720K, reserved 1081344K
  class space    used 4783K, capacity 4925K, committed 4992K, reserved 1048576K

